生成启动时间为 2019/10/13 17:59:19。
     1>项目“C:\Users\dell\Desktop\欧阳慧\bite\VS\study\study 10.13\study 10.13\study 10.13.vcxproj”在节点 2 上(Build 个目标)。
     1>ClCompile:
         D:\Program Files (x86)\Microsoft Visual Studio 12.0\VC\bin\CL.exe /c /ZI /nologo /W3 /WX- /Od /Oy- /D WIN32 /D _DEBUG /D _CONSOLE /D _LIB /D _UNICODE /D UNICODE /Gm /EHsc /RTC1 /MDd /GS /fp:precise /Zc:wchar_t /Zc:forScope /Fo"Debug\\" /Fd"Debug\vc120.pdb" /Gd /TC /analyze- /errorReport:prompt Sort.c
         Sort.c
     1>c:\users\dell\desktop\欧阳慧\bite\vs\study\study 10.13\study 10.13\sort.c(168): warning C4047: “函数”:“int *”与“int (*)[10]”的间接级别不同
     1>c:\users\dell\desktop\欧阳慧\bite\vs\study\study 10.13\study 10.13\sort.c(168): warning C4024: “ArrayPrint”: 形参和实参 1 的类型不同
     1>c:\users\dell\desktop\欧阳慧\bite\vs\study\study 10.13\study 10.13\sort.c(170): warning C4047: “函数”:“int *”与“int (*)[10]”的间接级别不同
     1>c:\users\dell\desktop\欧阳慧\bite\vs\study\study 10.13\study 10.13\sort.c(170): warning C4024: “InsertSort”: 形参和实参 1 的类型不同
     1>c:\users\dell\desktop\欧阳慧\bite\vs\study\study 10.13\study 10.13\sort.c(171): warning C4047: “函数”:“int *”与“int (*)[10]”的间接级别不同
     1>c:\users\dell\desktop\欧阳慧\bite\vs\study\study 10.13\study 10.13\sort.c(171): warning C4024: “ArrayPrint”: 形参和实参 1 的类型不同
     1>c:\users\dell\desktop\欧阳慧\bite\vs\study\study 10.13\study 10.13\sort.c(173): warning C4047: “函数”:“int *”与“int (*)[10]”的间接级别不同
     1>c:\users\dell\desktop\欧阳慧\bite\vs\study\study 10.13\study 10.13\sort.c(173): warning C4024: “ShellSort”: 形参和实参 1 的类型不同
     1>c:\users\dell\desktop\欧阳慧\bite\vs\study\study 10.13\study 10.13\sort.c(174): warning C4047: “函数”:“int *”与“int (*)[10]”的间接级别不同
     1>c:\users\dell\desktop\欧阳慧\bite\vs\study\study 10.13\study 10.13\sort.c(174): warning C4024: “ArrayPrint”: 形参和实参 1 的类型不同
     1>c:\users\dell\desktop\欧阳慧\bite\vs\study\study 10.13\study 10.13\sort.c(176): warning C4047: “函数”:“int *”与“int (*)[10]”的间接级别不同
     1>c:\users\dell\desktop\欧阳慧\bite\vs\study\study 10.13\study 10.13\sort.c(176): warning C4024: “SelectSort”: 形参和实参 1 的类型不同
     1>c:\users\dell\desktop\欧阳慧\bite\vs\study\study 10.13\study 10.13\sort.c(177): warning C4047: “函数”:“int *”与“int (*)[10]”的间接级别不同
     1>c:\users\dell\desktop\欧阳慧\bite\vs\study\study 10.13\study 10.13\sort.c(177): warning C4024: “ArrayPrint”: 形参和实参 1 的类型不同
     1>c:\users\dell\desktop\欧阳慧\bite\vs\study\study 10.13\study 10.13\sort.c(179): warning C4047: “函数”:“int *”与“int (*)[10]”的间接级别不同
     1>c:\users\dell\desktop\欧阳慧\bite\vs\study\study 10.13\study 10.13\sort.c(179): warning C4024: “HeapSort”: 形参和实参 1 的类型不同
     1>c:\users\dell\desktop\欧阳慧\bite\vs\study\study 10.13\study 10.13\sort.c(180): warning C4047: “函数”:“int *”与“int (*)[10]”的间接级别不同
     1>c:\users\dell\desktop\欧阳慧\bite\vs\study\study 10.13\study 10.13\sort.c(180): warning C4024: “ArrayPrint”: 形参和实参 1 的类型不同
     1>c:\users\dell\desktop\欧阳慧\bite\vs\study\study 10.13\study 10.13\sort.c(182): warning C4047: “函数”:“int *”与“int (*)[10]”的间接级别不同
     1>c:\users\dell\desktop\欧阳慧\bite\vs\study\study 10.13\study 10.13\sort.c(182): warning C4024: “BubbleSort”: 形参和实参 1 的类型不同
     1>c:\users\dell\desktop\欧阳慧\bite\vs\study\study 10.13\study 10.13\sort.c(183): warning C4047: “函数”:“int *”与“int (*)[10]”的间接级别不同
     1>c:\users\dell\desktop\欧阳慧\bite\vs\study\study 10.13\study 10.13\sort.c(183): warning C4024: “ArrayPrint”: 形参和实参 1 的类型不同
       Link:
         D:\Program Files (x86)\Microsoft Visual Studio 12.0\VC\bin\link.exe /ERRORREPORT:PROMPT /OUT:"C:\Users\dell\Desktop\欧阳慧\bite\VS\study\study 10.13\Debug\study 10.13.exe" /INCREMENTAL /NOLOGO kernel32.lib user32.lib gdi32.lib winspool.lib comdlg32.lib advapi32.lib shell32.lib ole32.lib oleaut32.lib uuid.lib odbc32.lib odbccp32.lib /MANIFEST /MANIFESTUAC:"level='asInvoker' uiAccess='false'" /manifest:embed /DEBUG /PDB:"C:\Users\dell\Desktop\欧阳慧\bite\VS\study\study 10.13\Debug\study 10.13.pdb" /SUBSYSTEM:CONSOLE /TLBID:1 /DYNAMICBASE /NXCOMPAT /IMPLIB:"C:\Users\dell\Desktop\欧阳慧\bite\VS\study\study 10.13\Debug\study 10.13.lib" /MACHINE:X86 Debug\Sort.obj
         study 10.13.vcxproj -> C:\Users\dell\Desktop\欧阳慧\bite\VS\study\study 10.13\Debug\study 10.13.exe
     1>已完成生成项目“C:\Users\dell\Desktop\欧阳慧\bite\VS\study\study 10.13\study 10.13\study 10.13.vcxproj”(Build 个目标)的操作。

生成成功。

已用时间 00:00:00.26
