生成启动时间为 2019/9/15 20:18:09。
     1>项目“C:\Users\dell\Desktop\study9.15\study9.15\study9.15.vcxproj”在节点 2 上(Build 个目标)。
     1>ClCompile:
         D:\Program Files (x86)\Microsoft Visual Studio 12.0\VC\bin\CL.exe /c /ZI /nologo /W3 /WX- /Od /Oy- /D WIN32 /D _DEBUG /D _CONSOLE /D _LIB /D _UNICODE /D UNICODE /Gm /EHsc /RTC1 /MDd /GS /fp:precise /Zc:wchar_t /Zc:forScope /Fo"Debug\\" /Fd"Debug\vc120.pdb" /Gd /TC /analyze- /errorReport:prompt main.c
         main.c
     1>c:\users\dell\desktop\study9.15\study9.15\main.c(5): warning C4047: “函数”:“SingleList *”与“SingleList **”的间接级别不同
     1>c:\users\dell\desktop\study9.15\study9.15\main.c(5): warning C4024: “SingleListInit”: 形参和实参 1 的类型不同
     1>c:\users\dell\desktop\study9.15\study9.15\main.c(6): warning C4047: “函数”:“SingleList *”与“SingleList **”的间接级别不同
     1>c:\users\dell\desktop\study9.15\study9.15\main.c(6): warning C4024: “SingleListPushBack”: 形参和实参 1 的类型不同
     1>c:\users\dell\desktop\study9.15\study9.15\main.c(7): warning C4047: “函数”:“SingleList *”与“SingleList **”的间接级别不同
     1>c:\users\dell\desktop\study9.15\study9.15\main.c(7): warning C4024: “SingleListPushBack”: 形参和实参 1 的类型不同
     1>c:\users\dell\desktop\study9.15\study9.15\main.c(8): warning C4047: “函数”:“SingleList *”与“SingleList **”的间接级别不同
     1>c:\users\dell\desktop\study9.15\study9.15\main.c(8): warning C4024: “SingleListPushBack”: 形参和实参 1 的类型不同
     1>c:\users\dell\desktop\study9.15\study9.15\main.c(9): warning C4047: “函数”:“SingleList *”与“SingleList **”的间接级别不同
     1>c:\users\dell\desktop\study9.15\study9.15\main.c(9): warning C4024: “SingleListPushBack”: 形参和实参 1 的类型不同
     1>c:\users\dell\desktop\study9.15\study9.15\main.c(10): warning C4047: “函数”:“SingleList *”与“SingleList **”的间接级别不同
     1>c:\users\dell\desktop\study9.15\study9.15\main.c(10): warning C4024: “SingleListPushFront”: 形参和实参 1 的类型不同
     1>c:\users\dell\desktop\study9.15\study9.15\main.c(11): warning C4047: “函数”:“SingleList *”与“SingleList **”的间接级别不同
     1>c:\users\dell\desktop\study9.15\study9.15\main.c(11): warning C4024: “SingleListPrint”: 形参和实参 1 的类型不同
     1>c:\users\dell\desktop\study9.15\study9.15\main.c(12): warning C4047: “函数”:“SingleList *”与“SingleList **”的间接级别不同
     1>c:\users\dell\desktop\study9.15\study9.15\main.c(12): warning C4024: “SingleListDestroy”: 形参和实参 1 的类型不同
       Link:
         D:\Program Files (x86)\Microsoft Visual Studio 12.0\VC\bin\link.exe /ERRORREPORT:PROMPT /OUT:"C:\Users\dell\Desktop\study9.15\Debug\study9.15.exe" /INCREMENTAL /NOLOGO kernel32.lib user32.lib gdi32.lib winspool.lib comdlg32.lib advapi32.lib shell32.lib ole32.lib oleaut32.lib uuid.lib odbc32.lib odbccp32.lib /MANIFEST /MANIFESTUAC:"level='asInvoker' uiAccess='false'" /manifest:embed /DEBUG /PDB:"C:\Users\dell\Desktop\study9.15\Debug\study9.15.pdb" /SUBSYSTEM:CONSOLE /TLBID:1 /DYNAMICBASE /NXCOMPAT /IMPLIB:"C:\Users\dell\Desktop\study9.15\Debug\study9.15.lib" /MACHINE:X86 Debug\main.obj
         Debug\SeqList.obj
         study9.15.vcxproj -> C:\Users\dell\Desktop\study9.15\Debug\study9.15.exe
     1>已完成生成项目“C:\Users\dell\Desktop\study9.15\study9.15\study9.15.vcxproj”(Build 个目标)的操作。

生成成功。

已用时间 00:00:01.28
