生成启动时间为 2019/9/5 23:37:12。
     1>项目“C:\Users\dell\Desktop\study9.5\study9.5\study9.5.vcxproj”在节点 2 上(Build 个目标)。
     1>ClCompile:
         D:\Program Files (x86)\Microsoft Visual Studio 12.0\VC\bin\CL.exe /c /ZI /nologo /W3 /WX- /Od /Oy- /D WIN32 /D _DEBUG /D _CONSOLE /D _LIB /D _UNICODE /D UNICODE /Gm /EHsc /RTC1 /MDd /GS /fp:precise /Zc:wchar_t /Zc:forScope /Fo"Debug\\" /Fd"Debug\vc120.pdb" /Gd /TC /analyze- /errorReport:prompt sqlist.c
         sqlist.c
     1>c:\users\dell\desktop\study9.5\study9.5\sqlist.c(24): warning C4018: “<”: 有符号/无符号不匹配
     1>c:\users\dell\desktop\study9.5\study9.5\sqlist.c(82): warning C4018: “<”: 有符号/无符号不匹配
     1>c:\users\dell\desktop\study9.5\study9.5\sqlist.c(91): warning C4028: 形参 2 与声明不同
     1>c:\users\dell\desktop\study9.5\study9.5\sqlist.c(91): warning C4028: 形参 3 与声明不同
     1>c:\users\dell\desktop\study9.5\study9.5\sqlist.c(92): warning C4018: “<=”: 有符号/无符号不匹配
     1>c:\users\dell\desktop\study9.5\study9.5\sqlist.c(105): warning C4028: 形参 2 与声明不同
     1>c:\users\dell\desktop\study9.5\study9.5\sqlist.c(106): warning C4018: “<”: 有符号/无符号不匹配
     1>c:\users\dell\desktop\study9.5\study9.5\sqlist.c(109): warning C4018: “<”: 有符号/无符号不匹配
     1>c:\users\dell\desktop\study9.5\study9.5\sqlist.c(120): warning C4018: “<”: 有符号/无符号不匹配
     1>c:\users\dell\desktop\study9.5\study9.5\sqlist.c(122): warning C4047: “==”:“DataType *”与“DataType”的间接级别不同
     1>c:\users\dell\desktop\study9.5\study9.5\sqlist.c(136): warning C4018: “<”: 有符号/无符号不匹配
     1>c:\users\dell\desktop\study9.5\study9.5\sqlist.c(144): warning C4018: “<”: 有符号/无符号不匹配
       Link:
         D:\Program Files (x86)\Microsoft Visual Studio 12.0\VC\bin\link.exe /ERRORREPORT:PROMPT /OUT:"C:\Users\dell\Desktop\study9.5\Debug\study9.5.exe" /INCREMENTAL /NOLOGO kernel32.lib user32.lib gdi32.lib winspool.lib comdlg32.lib advapi32.lib shell32.lib ole32.lib oleaut32.lib uuid.lib odbc32.lib odbccp32.lib /MANIFEST /MANIFESTUAC:"level='asInvoker' uiAccess='false'" /manifest:embed /DEBUG /PDB:"C:\Users\dell\Desktop\study9.5\Debug\study9.5.pdb" /SUBSYSTEM:CONSOLE /TLBID:1 /DYNAMICBASE /NXCOMPAT /IMPLIB:"C:\Users\dell\Desktop\study9.5\Debug\study9.5.lib" /MACHINE:X86 Debug\main.obj
         Debug\sqlist.obj
         study9.5.vcxproj -> C:\Users\dell\Desktop\study9.5\Debug\study9.5.exe
     1>已完成生成项目“C:\Users\dell\Desktop\study9.5\study9.5\study9.5.vcxproj”(Build 个目标)的操作。

生成成功。

已用时间 00:00:01.36
